Using pre-set license
Built from '2020.3/staging' branch; Version is '2020.3.3f1 (76626098c1c4) revision 7758432'; Using compiler version '192528614'; Build Type 'Release'
OS: 'Windows 10 Education; OS build 19042.1052; Version 2009; 64bit' Language: 'es' Physical Memory: 16238 MB
BatchMode: 1, IsHumanControllingUs: 0, StartBugReporterOnCrash: 0, Is64bit: 1, IsPro: 0

 COMMAND LINE ARGUMENTS:
C:\Program Files\Unity\2020.3.3f1\Editor\Unity.exe
-adb2
-batchMode
-noUpm
-name
AssetImportWorker2
-projectPath
D:/Archivos/Universidad/3V/IA/IAV-Proyecto-final/Cynthia IA
-logFile
Logs/AssetImportWorker2.log
-srvPort
54084
Successfully changed project path to: D:/Archivos/Universidad/3V/IA/IAV-Proyecto-final/Cynthia IA
D:/Archivos/Universidad/3V/IA/IAV-Proyecto-final/Cynthia IA
Using Asset Import Pipeline V2.
Assets/Personajes/Baby_cinema.c4d: Unity no longer supports importing Cinema 4D files directly, but we're working with Maxon to make the experience better. To import Cinema 4D files, install Maxon's external importer. You can find more information on the Unity Forum: https://on.unity.com/c4d.

Please note that FBX files exported from Cinema4D are still supported.

Refreshing native plugins compatible for Editor in 102.16 ms, found 3 plugins.
Preloading 0 native plugins for Editor in 0.00 ms.
Initialize engine version: 2020.3.3f1 (76626098c1c4)
[Subsystems] Discovering subsystems at path C:/Program Files/Unity/2020.3.3f1/Editor/Data/Resources/UnitySubsystems
[Subsystems] Discovering subsystems at path D:/Archivos/Universidad/3V/IA/IAV-Proyecto-final/Cynthia IA/Assets
GfxDevice: creating device client; threaded=0
Direct3D:
    Version:  Direct3D 11.0 [level 11.1]
    Renderer: NVIDIA GeForce GTX 1050 (ID=0x1c8d)
    Vendor:   
    VRAM:     4021 MB
    Driver:   27.21.14.6109
Initialize mono
Mono path[0] = 'C:/Program Files/Unity/2020.3.3f1/Editor/Data/Managed'
Mono path[1] = 'C:/Program Files/Unity/2020.3.3f1/Editor/Data/MonoBleedingEdge/lib/mono/unityjit'
Mono config path = 'C:/Program Files/Unity/2020.3.3f1/Editor/Data/MonoBleedingEdge/etc'
Using monoOptions --debugger-agent=transport=dt_socket,embedding=1,server=y,suspend=n,address=127.0.0.1:56964
Begin MonoManager ReloadAssembly
Registering precompiled unity dll's ...
Register platform support module: C:/Program Files/Unity/2020.3.3f1/Editor/Data/PlaybackEngines/WindowsStandaloneSupport/UnityEditor.WindowsStandalone.Extensions.dll
Registered in 0.005249 seconds.
Native extension for WindowsStandalone target not found
Assets/Personajes/Baby_cinema.c4d: Unity no longer supports importing Cinema 4D files directly, but we're working with Maxon to make the experience better. To import Cinema 4D files, install Maxon's external importer. You can find more information on the Unity Forum: https://on.unity.com/c4d.

Please note that FBX files exported from Cinema4D are still supported.

Refreshing native plugins compatible for Editor in 87.54 ms, found 3 plugins.
Preloading 0 native plugins for Editor in 0.00 ms.
Invoked RoslynAnalysisRunner static constructor.
RoslynAnalysisRunner will not be running.
RoslynAnalysisRunner has terminated.
Mono: successfully reloaded assembly
- Completed reload, in  3.094 seconds
Platform modules already initialized, skipping
Registering precompiled user dll's ...
Registered in 0.003459 seconds.
Begin MonoManager ReloadAssembly
Native extension for WindowsStandalone target not found
Refreshing native plugins compatible for Editor in 79.69 ms, found 3 plugins.
Preloading 0 native plugins for Editor in 0.00 ms.
Invoked RoslynAnalysisRunner static constructor.
RoslynAnalysisRunner will not be running.
RoslynAnalysisRunner has terminated.
Mono: successfully reloaded assembly
- Completed reload, in  2.207 seconds
Platform modules already initialized, skipping
========================================================================
Worker process is ready to serve import requests
Launched and connected shader compiler UnityShaderCompiler.exe after 0.18 seconds
Refreshing native plugins compatible for Editor in 0.85 ms, found 3 plugins.
Preloading 0 native plugins for Editor in 0.00 ms.
Unloading 1875 Unused Serialized files (Serialized files now loaded: 0)
System memory in use before: 147.4 MB.
System memory in use after: 147.5 MB.

Unloading 21 unused Assets to reduce memory usage. Loaded Objects now: 2350.
Total: 3.376900 ms (FindLiveObjects: 0.332900 ms CreateObjectMapping: 0.139400 ms MarkObjects: 2.754000 ms  DeleteObjects: 0.149100 ms)

========================================================================
Received Import Request.
  path: Assets/Prefabs/Jugador.prefab
  artifactKey: Guid(bfbaee9c1b033b140b9a59e5a762d87e) Importer(815301076,1909f56bfc062723c751e8b465ee728b)
Start importing Assets/Prefabs/Jugador.prefab using Guid(bfbaee9c1b033b140b9a59e5a762d87e) Importer(815301076,1909f56bfc062723c751e8b465ee728b)  -> (artifact id: '3992e66060ecd8f7fc5950fa9b4e5d2b') in 0.334230 seconds
  Import took 0.340698 seconds .

========================================================================
Received Prepare
Registering precompiled user dll's ...
Registered in 0.006376 seconds.
Begin MonoManager ReloadAssembly
Native extension for WindowsStandalone target not found
Refreshing native plugins compatible for Editor in 1.63 ms, found 3 plugins.
Preloading 0 native plugins for Editor in 0.00 ms.
Invoked RoslynAnalysisRunner static constructor.
RoslynAnalysisRunner will not be running.
RoslynAnalysisRunner has terminated.
Mono: successfully reloaded assembly
- Completed reload, in  3.287 seconds
Platform modules already initialized, skipping
Refreshing native plugins compatible for Editor in 1.30 ms, found 3 plugins.
Preloading 0 native plugins for Editor in 0.00 ms.
Unloading 1755 Unused Serialized files (Serialized files now loaded: 0)
System memory in use before: 138.6 MB.
System memory in use after: 138.7 MB.

Unloading 14 unused Assets to reduce memory usage. Loaded Objects now: 2361.
Total: 9.056800 ms (FindLiveObjects: 0.729400 ms CreateObjectMapping: 0.377000 ms MarkObjects: 7.861100 ms  DeleteObjects: 0.084800 ms)

========================================================================
Received Prepare
Registering precompiled user dll's ...
Registered in 0.006493 seconds.
Begin MonoManager ReloadAssembly
Native extension for WindowsStandalone target not found
Refreshing native plugins compatible for Editor in 2.18 ms, found 3 plugins.
Preloading 0 native plugins for Editor in 0.00 ms.
Invoked RoslynAnalysisRunner static constructor.
RoslynAnalysisRunner will not be running.
RoslynAnalysisRunner has terminated.
Mono: successfully reloaded assembly
- Completed reload, in  2.066 seconds
Platform modules already initialized, skipping
Refreshing native plugins compatible for Editor in 0.70 ms, found 3 plugins.
Preloading 0 native plugins for Editor in 0.00 ms.
Unloading 1755 Unused Serialized files (Serialized files now loaded: 0)
System memory in use before: 138.7 MB.
System memory in use after: 138.8 MB.

Unloading 12 unused Assets to reduce memory usage. Loaded Objects now: 2364.
Total: 5.014200 ms (FindLiveObjects: 0.392300 ms CreateObjectMapping: 0.197000 ms MarkObjects: 4.375400 ms  DeleteObjects: 0.046900 ms)

========================================================================
Received Import Request.
  Time since last request: 390.963705 seconds.
  path: Assets/Prefabs/Jugador 1.prefab
  artifactKey: Guid(3b86b90487219094a96a3a0fa91e126d) Importer(815301076,1909f56bfc062723c751e8b465ee728b)
Start importing Assets/Prefabs/Jugador 1.prefab using Guid(3b86b90487219094a96a3a0fa91e126d) Importer(815301076,1909f56bfc062723c751e8b465ee728b)  -> (artifact id: '00801c622ff98ee8b3431f586a3a4f57') in 0.172632 seconds
  Import took 0.181121 seconds .

========================================================================
Received Import Request.
  Time since last request: 6.899187 seconds.
  path: Assets/Prefabs/Jugador.prefab
  artifactKey: Guid(bfbaee9c1b033b140b9a59e5a762d87e) Importer(815301076,1909f56bfc062723c751e8b465ee728b)
Start importing Assets/Prefabs/Jugador.prefab using Guid(bfbaee9c1b033b140b9a59e5a762d87e) Importer(815301076,1909f56bfc062723c751e8b465ee728b)  -> (artifact id: 'b594a3accb45898d4c8b2822f5bee34f') in 0.032587 seconds
  Import took 0.041682 seconds .

========================================================================
Received Import Request.
  Time since last request: 0.021474 seconds.
  path: Assets/Prefabs/Jugador.prefab
  artifactKey: Guid(bfbaee9c1b033b140b9a59e5a762d87e) Importer(815301076,1909f56bfc062723c751e8b465ee728b)
Start importing Assets/Prefabs/Jugador.prefab using Guid(bfbaee9c1b033b140b9a59e5a762d87e) Importer(815301076,1909f56bfc062723c751e8b465ee728b)  -> (artifact id: 'b594a3accb45898d4c8b2822f5bee34f') in 0.020901 seconds
  Import took 0.028403 seconds .

========================================================================
Received Import Request.
  Time since last request: 12.267244 seconds.
  path: Assets/Scenes/Main.unity
  artifactKey: Guid(d13b42ca539c7e540a1fd49f4c0e139d) Importer(815301076,1909f56bfc062723c751e8b465ee728b)
Start importing Assets/Scenes/Main.unity using Guid(d13b42ca539c7e540a1fd49f4c0e139d) Importer(815301076,1909f56bfc062723c751e8b465ee728b)  -> (artifact id: '914f49f81f05070aa1b8168296077bf8') in 0.016246 seconds
  Import took 0.023484 seconds .

========================================================================
Received Prepare
Registering precompiled user dll's ...
Registered in 0.004864 seconds.
Begin MonoManager ReloadAssembly
Native extension for WindowsStandalone target not found
Refreshing native plugins compatible for Editor in 0.92 ms, found 3 plugins.
Preloading 0 native plugins for Editor in 0.00 ms.
Invoked RoslynAnalysisRunner static constructor.
RoslynAnalysisRunner will not be running.
RoslynAnalysisRunner has terminated.
Mono: successfully reloaded assembly
- Completed reload, in  2.367 seconds
Platform modules already initialized, skipping
Refreshing native plugins compatible for Editor in 0.91 ms, found 3 plugins.
Preloading 0 native plugins for Editor in 0.00 ms.
Unloading 1755 Unused Serialized files (Serialized files now loaded: 0)
System memory in use before: 138.7 MB.
System memory in use after: 138.8 MB.

Unloading 13 unused Assets to reduce memory usage. Loaded Objects now: 2368.
Total: 8.626100 ms (FindLiveObjects: 0.780100 ms CreateObjectMapping: 0.414500 ms MarkObjects: 7.340000 ms  DeleteObjects: 0.088000 ms)

========================================================================
Received Prepare
Registering precompiled user dll's ...
Registered in 0.004560 seconds.
Begin MonoManager ReloadAssembly
Native extension for WindowsStandalone target not found
Refreshing native plugins compatible for Editor in 0.88 ms, found 3 plugins.
Preloading 0 native plugins for Editor in 0.00 ms.
Invoked RoslynAnalysisRunner static constructor.
RoslynAnalysisRunner will not be running.
RoslynAnalysisRunner has terminated.
Mono: successfully reloaded assembly
- Completed reload, in  2.304 seconds
Platform modules already initialized, skipping
Refreshing native plugins compatible for Editor in 0.79 ms, found 3 plugins.
Preloading 0 native plugins for Editor in 0.00 ms.
Unloading 1755 Unused Serialized files (Serialized files now loaded: 0)
System memory in use before: 138.7 MB.
System memory in use after: 138.8 MB.

Unloading 12 unused Assets to reduce memory usage. Loaded Objects now: 2371.
Total: 4.652100 ms (FindLiveObjects: 0.548900 ms CreateObjectMapping: 0.287900 ms MarkObjects: 3.763700 ms  DeleteObjects: 0.048200 ms)

========================================================================
Received Prepare
Registering precompiled user dll's ...
Registered in 0.006613 seconds.
Begin MonoManager ReloadAssembly
Native extension for WindowsStandalone target not found
Refreshing native plugins compatible for Editor in 0.86 ms, found 3 plugins.
Preloading 0 native plugins for Editor in 0.00 ms.
Invoked RoslynAnalysisRunner static constructor.
RoslynAnalysisRunner will not be running.
RoslynAnalysisRunner has terminated.
Mono: successfully reloaded assembly
- Completed reload, in  2.345 seconds
Platform modules already initialized, skipping
Refreshing native plugins compatible for Editor in 1.55 ms, found 3 plugins.
Preloading 0 native plugins for Editor in 0.00 ms.
Unloading 1755 Unused Serialized files (Serialized files now loaded: 0)
System memory in use before: 138.7 MB.
System memory in use after: 138.8 MB.

Unloading 12 unused Assets to reduce memory usage. Loaded Objects now: 2374.
Total: 4.992400 ms (FindLiveObjects: 0.784000 ms CreateObjectMapping: 0.285300 ms MarkObjects: 3.877700 ms  DeleteObjects: 0.041500 ms)

========================================================================
Received Import Request.
  Time since last request: 305.820626 seconds.
  path: Assets/Prefabs/Jugador.prefab
  artifactKey: Guid(bfbaee9c1b033b140b9a59e5a762d87e) Importer(815301076,1909f56bfc062723c751e8b465ee728b)
Start importing Assets/Prefabs/Jugador.prefab using Guid(bfbaee9c1b033b140b9a59e5a762d87e) Importer(815301076,1909f56bfc062723c751e8b465ee728b)  -> (artifact id: 'fb4840989c3516b4005d0216f043347b') in 0.172787 seconds
  Import took 0.185179 seconds .

========================================================================
Received Import Request.
  Time since last request: 2.992242 seconds.
  path: Assets/Prefabs/Jugador.prefab
  artifactKey: Guid(bfbaee9c1b033b140b9a59e5a762d87e) Importer(815301076,1909f56bfc062723c751e8b465ee728b)
Start importing Assets/Prefabs/Jugador.prefab using Guid(bfbaee9c1b033b140b9a59e5a762d87e) Importer(815301076,1909f56bfc062723c751e8b465ee728b)  -> (artifact id: 'fb4840989c3516b4005d0216f043347b') in 0.016229 seconds
  Import took 0.022924 seconds .

========================================================================
Received Prepare
Registering precompiled user dll's ...
Registered in 0.009099 seconds.
Begin MonoManager ReloadAssembly
Native extension for WindowsStandalone target not found
Refreshing native plugins compatible for Editor in 0.77 ms, found 3 plugins.
Preloading 0 native plugins for Editor in 0.00 ms.
Invoked RoslynAnalysisRunner static constructor.
RoslynAnalysisRunner will not be running.
RoslynAnalysisRunner has terminated.
Mono: successfully reloaded assembly
- Completed reload, in  2.361 seconds
Platform modules already initialized, skipping
Refreshing native plugins compatible for Editor in 0.68 ms, found 3 plugins.
Preloading 0 native plugins for Editor in 0.00 ms.
Unloading 1755 Unused Serialized files (Serialized files now loaded: 0)
System memory in use before: 138.8 MB.
System memory in use after: 138.9 MB.

Unloading 13 unused Assets to reduce memory usage. Loaded Objects now: 2378.
Total: 4.330600 ms (FindLiveObjects: 0.526800 ms CreateObjectMapping: 0.239100 ms MarkObjects: 3.504300 ms  DeleteObjects: 0.057600 ms)

========================================================================
Received Import Request.
  Time since last request: 35.475212 seconds.
  path: Assets/Prefabs/Jugador.prefab
  artifactKey: Guid(bfbaee9c1b033b140b9a59e5a762d87e) Importer(815301076,1909f56bfc062723c751e8b465ee728b)
Start importing Assets/Prefabs/Jugador.prefab using Guid(bfbaee9c1b033b140b9a59e5a762d87e) Importer(815301076,1909f56bfc062723c751e8b465ee728b)  -> (artifact id: 'a3db378a89641dd687edc734bfe39619') in 0.160038 seconds
  Import took 0.170385 seconds .

========================================================================
Received Import Request.
  Time since last request: 0.933758 seconds.
  path: Assets/Prefabs/Jugador.prefab
  artifactKey: Guid(bfbaee9c1b033b140b9a59e5a762d87e) Importer(815301076,1909f56bfc062723c751e8b465ee728b)
Start importing Assets/Prefabs/Jugador.prefab using Guid(bfbaee9c1b033b140b9a59e5a762d87e) Importer(815301076,1909f56bfc062723c751e8b465ee728b)  -> (artifact id: 'a3db378a89641dd687edc734bfe39619') in 0.016196 seconds
  Import took 0.024533 seconds .

========================================================================
Received Prepare
Registering precompiled user dll's ...
Registered in 0.004736 seconds.
Begin MonoManager ReloadAssembly
Native extension for WindowsStandalone target not found
Refreshing native plugins compatible for Editor in 0.77 ms, found 3 plugins.
Preloading 0 native plugins for Editor in 0.00 ms.
Invoked RoslynAnalysisRunner static constructor.
RoslynAnalysisRunner will not be running.
RoslynAnalysisRunner has terminated.
Mono: successfully reloaded assembly
- Completed reload, in  2.279 seconds
Platform modules already initialized, skipping
Refreshing native plugins compatible for Editor in 0.68 ms, found 3 plugins.
Preloading 0 native plugins for Editor in 0.00 ms.
Unloading 1755 Unused Serialized files (Serialized files now loaded: 0)
System memory in use before: 138.8 MB.
System memory in use after: 138.9 MB.

Unloading 13 unused Assets to reduce memory usage. Loaded Objects now: 2382.
Total: 4.351200 ms (FindLiveObjects: 0.363600 ms CreateObjectMapping: 0.161400 ms MarkObjects: 3.696900 ms  DeleteObjects: 0.125500 ms)

========================================================================
Received Import Request.
  Time since last request: 77.795512 seconds.
  path: Assets/Prefabs/Jugador.prefab
  artifactKey: Guid(bfbaee9c1b033b140b9a59e5a762d87e) Importer(815301076,1909f56bfc062723c751e8b465ee728b)
Start importing Assets/Prefabs/Jugador.prefab using Guid(bfbaee9c1b033b140b9a59e5a762d87e) Importer(815301076,1909f56bfc062723c751e8b465ee728b)  -> (artifact id: '5b7a5882a06bf2d15dc74b42f534a768') in 0.184751 seconds
  Import took 0.193870 seconds .

========================================================================
Received Prepare
Registering precompiled user dll's ...
Registered in 0.003946 seconds.
Begin MonoManager ReloadAssembly
Native extension for WindowsStandalone target not found
Refreshing native plugins compatible for Editor in 0.74 ms, found 3 plugins.
Preloading 0 native plugins for Editor in 0.00 ms.
Invoked RoslynAnalysisRunner static constructor.
RoslynAnalysisRunner will not be running.
RoslynAnalysisRunner has terminated.
Mono: successfully reloaded assembly
- Completed reload, in  2.104 seconds
Platform modules already initialized, skipping
Refreshing native plugins compatible for Editor in 0.64 ms, found 3 plugins.
Preloading 0 native plugins for Editor in 0.00 ms.
Unloading 1755 Unused Serialized files (Serialized files now loaded: 0)
System memory in use before: 138.7 MB.
System memory in use after: 138.9 MB.

Unloading 13 unused Assets to reduce memory usage. Loaded Objects now: 2386.
Total: 3.159900 ms (FindLiveObjects: 0.342000 ms CreateObjectMapping: 0.122400 ms MarkObjects: 2.655300 ms  DeleteObjects: 0.038600 ms)

========================================================================
Received Prepare
Registering precompiled user dll's ...
Registered in 0.006077 seconds.
Begin MonoManager ReloadAssembly
Native extension for WindowsStandalone target not found
Refreshing native plugins compatible for Editor in 0.79 ms, found 3 plugins.
Preloading 0 native plugins for Editor in 0.00 ms.
Invoked RoslynAnalysisRunner static constructor.
RoslynAnalysisRunner will not be running.
RoslynAnalysisRunner has terminated.
Mono: successfully reloaded assembly
- Completed reload, in  2.547 seconds
Platform modules already initialized, skipping
Refreshing native plugins compatible for Editor in 0.63 ms, found 3 plugins.
Preloading 0 native plugins for Editor in 0.00 ms.
Unloading 1755 Unused Serialized files (Serialized files now loaded: 0)
System memory in use before: 138.7 MB.
System memory in use after: 138.9 MB.

Unloading 12 unused Assets to reduce memory usage. Loaded Objects now: 2389.
Total: 4.136500 ms (FindLiveObjects: 0.538900 ms CreateObjectMapping: 0.225000 ms MarkObjects: 3.307700 ms  DeleteObjects: 0.062000 ms)

========================================================================
Received Prepare
Registering precompiled user dll's ...
Registered in 0.007208 seconds.
Begin MonoManager ReloadAssembly
Native extension for WindowsStandalone target not found
Refreshing native plugins compatible for Editor in 0.73 ms, found 3 plugins.
Preloading 0 native plugins for Editor in 0.00 ms.
Invoked RoslynAnalysisRunner static constructor.
RoslynAnalysisRunner will not be running.
RoslynAnalysisRunner has terminated.
Mono: successfully reloaded assembly
- Completed reload, in  2.270 seconds
Platform modules already initialized, skipping
Refreshing native plugins compatible for Editor in 0.80 ms, found 3 plugins.
Preloading 0 native plugins for Editor in 0.00 ms.
Unloading 1755 Unused Serialized files (Serialized files now loaded: 0)
System memory in use before: 138.8 MB.
System memory in use after: 138.9 MB.

Unloading 12 unused Assets to reduce memory usage. Loaded Objects now: 2392.
Total: 4.630700 ms (FindLiveObjects: 0.625000 ms CreateObjectMapping: 0.287900 ms MarkObjects: 3.659100 ms  DeleteObjects: 0.055300 ms)

========================================================================
Received Prepare
Registering precompiled user dll's ...
Registered in 0.004589 seconds.
Begin MonoManager ReloadAssembly
Native extension for WindowsStandalone target not found
Refreshing native plugins compatible for Editor in 0.56 ms, found 3 plugins.
Preloading 0 native plugins for Editor in 0.00 ms.
Invoked RoslynAnalysisRunner static constructor.
RoslynAnalysisRunner will not be running.
RoslynAnalysisRunner has terminated.
Mono: successfully reloaded assembly
- Completed reload, in  1.881 seconds
Platform modules already initialized, skipping
Refreshing native plugins compatible for Editor in 0.88 ms, found 3 plugins.
Preloading 0 native plugins for Editor in 0.00 ms.
Unloading 1755 Unused Serialized files (Serialized files now loaded: 0)
System memory in use before: 138.8 MB.
System memory in use after: 138.9 MB.

Unloading 12 unused Assets to reduce memory usage. Loaded Objects now: 2395.
Total: 7.408900 ms (FindLiveObjects: 0.806100 ms CreateObjectMapping: 0.709100 ms MarkObjects: 5.821400 ms  DeleteObjects: 0.069100 ms)

========================================================================
Received Prepare
Registering precompiled user dll's ...
Registered in 0.006166 seconds.
Begin MonoManager ReloadAssembly
Native extension for WindowsStandalone target not found
Refreshing native plugins compatible for Editor in 0.65 ms, found 3 plugins.
Preloading 0 native plugins for Editor in 0.00 ms.
Invoked RoslynAnalysisRunner static constructor.
RoslynAnalysisRunner will not be running.
RoslynAnalysisRunner has terminated.
Mono: successfully reloaded assembly
- Completed reload, in  2.132 seconds
Platform modules already initialized, skipping
Refreshing native plugins compatible for Editor in 0.62 ms, found 3 plugins.
Preloading 0 native plugins for Editor in 0.00 ms.
Unloading 1755 Unused Serialized files (Serialized files now loaded: 0)
System memory in use before: 138.8 MB.
System memory in use after: 138.9 MB.

Unloading 12 unused Assets to reduce memory usage. Loaded Objects now: 2398.
Total: 3.145000 ms (FindLiveObjects: 0.344900 ms CreateObjectMapping: 0.124400 ms MarkObjects: 2.647100 ms  DeleteObjects: 0.027000 ms)

========================================================================
Received Prepare
Registering precompiled user dll's ...
Registered in 0.005418 seconds.
Begin MonoManager ReloadAssembly
Native extension for WindowsStandalone target not found
Refreshing native plugins compatible for Editor in 0.88 ms, found 3 plugins.
Preloading 0 native plugins for Editor in 0.00 ms.
Invoked RoslynAnalysisRunner static constructor.
RoslynAnalysisRunner will not be running.
RoslynAnalysisRunner has terminated.
Mono: successfully reloaded assembly
- Completed reload, in  2.040 seconds
Platform modules already initialized, skipping
Refreshing native plugins compatible for Editor in 1.36 ms, found 3 plugins.
Preloading 0 native plugins for Editor in 0.00 ms.
Unloading 1755 Unused Serialized files (Serialized files now loaded: 0)
System memory in use before: 138.8 MB.
System memory in use after: 138.9 MB.

Unloading 12 unused Assets to reduce memory usage. Loaded Objects now: 2401.
Total: 5.877300 ms (FindLiveObjects: 0.485500 ms CreateObjectMapping: 0.220300 ms MarkObjects: 5.125400 ms  DeleteObjects: 0.043700 ms)

========================================================================
Received Import Request.
  Time since last request: 647.262114 seconds.
  path: Assets/Prefabs/Jugador.prefab
  artifactKey: Guid(bfbaee9c1b033b140b9a59e5a762d87e) Importer(815301076,1909f56bfc062723c751e8b465ee728b)
Start importing Assets/Prefabs/Jugador.prefab using Guid(bfbaee9c1b033b140b9a59e5a762d87e) Importer(815301076,1909f56bfc062723c751e8b465ee728b)  -> (artifact id: '64b27c219a45b67ecce3d19af36ac7b0') in 0.243356 seconds
  Import took 0.252314 seconds .

========================================================================
Received Import Request.
  Time since last request: 3.202581 seconds.
  path: Assets/Prefabs/Jugador.prefab
  artifactKey: Guid(bfbaee9c1b033b140b9a59e5a762d87e) Importer(815301076,1909f56bfc062723c751e8b465ee728b)
Start importing Assets/Prefabs/Jugador.prefab using Guid(bfbaee9c1b033b140b9a59e5a762d87e) Importer(815301076,1909f56bfc062723c751e8b465ee728b)  -> (artifact id: 'af1d08762d0df37007189f819816f603') in 0.026421 seconds
  Import took 0.035857 seconds .

========================================================================
Received Prepare
Registering precompiled user dll's ...
Registered in 0.007586 seconds.
Begin MonoManager ReloadAssembly
Native extension for WindowsStandalone target not found
Refreshing native plugins compatible for Editor in 0.88 ms, found 3 plugins.
Preloading 0 native plugins for Editor in 0.00 ms.
Invoked RoslynAnalysisRunner static constructor.
RoslynAnalysisRunner will not be running.
RoslynAnalysisRunner has terminated.
Mono: successfully reloaded assembly
- Completed reload, in  3.632 seconds
Platform modules already initialized, skipping
Refreshing native plugins compatible for Editor in 8.45 ms, found 3 plugins.
Preloading 0 native plugins for Editor in 0.00 ms.
Unloading 1756 Unused Serialized files (Serialized files now loaded: 0)
System memory in use before: 138.8 MB.
System memory in use after: 138.9 MB.

Unloading 13 unused Assets to reduce memory usage. Loaded Objects now: 2406.
Total: 8.465200 ms (FindLiveObjects: 1.183500 ms CreateObjectMapping: 0.312400 ms MarkObjects: 6.831900 ms  DeleteObjects: 0.133000 ms)

========================================================================
Received Import Request.
  Time since last request: 239.104527 seconds.
  path: Assets/Prefabs/Jugador.prefab
  artifactKey: Guid(bfbaee9c1b033b140b9a59e5a762d87e) Importer(815301076,1909f56bfc062723c751e8b465ee728b)
Start importing Assets/Prefabs/Jugador.prefab using Guid(bfbaee9c1b033b140b9a59e5a762d87e) Importer(815301076,1909f56bfc062723c751e8b465ee728b)  -> (artifact id: '14d05d80d0cb6b0b8d6d5d591501256e') in 0.462584 seconds
  Import took 0.482074 seconds .

========================================================================
Received Prepare
Registering precompiled user dll's ...
Registered in 0.007943 seconds.
Begin MonoManager ReloadAssembly
Native extension for WindowsStandalone target not found
Refreshing native plugins compatible for Editor in 0.70 ms, found 3 plugins.
Preloading 0 native plugins for Editor in 0.00 ms.
Invoked RoslynAnalysisRunner static constructor.
RoslynAnalysisRunner will not be running.
RoslynAnalysisRunner has terminated.
Mono: successfully reloaded assembly
- Completed reload, in  2.317 seconds
Platform modules already initialized, skipping
Refreshing native plugins compatible for Editor in 0.74 ms, found 3 plugins.
Preloading 0 native plugins for Editor in 0.00 ms.
Unloading 1756 Unused Serialized files (Serialized files now loaded: 0)
System memory in use before: 138.8 MB.
System memory in use after: 138.9 MB.

Unloading 13 unused Assets to reduce memory usage. Loaded Objects now: 2410.
Total: 3.202100 ms (FindLiveObjects: 0.365400 ms CreateObjectMapping: 0.139000 ms MarkObjects: 2.657200 ms  DeleteObjects: 0.038800 ms)

========================================================================
Received Prepare
Registering precompiled user dll's ...
Registered in 0.007070 seconds.
Begin MonoManager ReloadAssembly
Native extension for WindowsStandalone target not found
Refreshing native plugins compatible for Editor in 0.70 ms, found 3 plugins.
Preloading 0 native plugins for Editor in 0.00 ms.
Invoked RoslynAnalysisRunner static constructor.
RoslynAnalysisRunner will not be running.
RoslynAnalysisRunner has terminated.
Mono: successfully reloaded assembly
- Completed reload, in  2.238 seconds
Platform modules already initialized, skipping
Refreshing native plugins compatible for Editor in 0.99 ms, found 3 plugins.
Preloading 0 native plugins for Editor in 0.00 ms.
Unloading 1756 Unused Serialized files (Serialized files now loaded: 0)
System memory in use before: 138.8 MB.
System memory in use after: 138.9 MB.

Unloading 12 unused Assets to reduce memory usage. Loaded Objects now: 2413.
Total: 5.648800 ms (FindLiveObjects: 0.614600 ms CreateObjectMapping: 0.536000 ms MarkObjects: 4.446500 ms  DeleteObjects: 0.048200 ms)

========================================================================
Received Prepare
Registering precompiled user dll's ...
Registered in 0.004678 seconds.
Begin MonoManager ReloadAssembly
Native extension for WindowsStandalone target not found
Refreshing native plugins compatible for Editor in 0.91 ms, found 3 plugins.
Preloading 0 native plugins for Editor in 0.00 ms.
Invoked RoslynAnalysisRunner static constructor.
RoslynAnalysisRunner will not be running.
RoslynAnalysisRunner has terminated.
Mono: successfully reloaded assembly
- Completed reload, in  1.990 seconds
Platform modules already initialized, skipping
Refreshing native plugins compatible for Editor in 1.55 ms, found 3 plugins.
Preloading 0 native plugins for Editor in 0.00 ms.
Unloading 1756 Unused Serialized files (Serialized files now loaded: 0)
System memory in use before: 138.8 MB.
System memory in use after: 138.9 MB.

Unloading 12 unused Assets to reduce memory usage. Loaded Objects now: 2416.
Total: 4.722700 ms (FindLiveObjects: 0.693000 ms CreateObjectMapping: 0.304800 ms MarkObjects: 3.682900 ms  DeleteObjects: 0.039300 ms)

========================================================================
Received Import Request.
  Time since last request: 166.009608 seconds.
  path: Assets/Prefabs/Jugador.prefab
  artifactKey: Guid(bfbaee9c1b033b140b9a59e5a762d87e) Importer(815301076,1909f56bfc062723c751e8b465ee728b)
Start importing Assets/Prefabs/Jugador.prefab using Guid(bfbaee9c1b033b140b9a59e5a762d87e) Importer(815301076,1909f56bfc062723c751e8b465ee728b)  -> (artifact id: '6a8afa4b90e3651b9328538fba0ac89e') in 0.239088 seconds
  Import took 0.248609 seconds .

========================================================================
Received Import Request.
  Time since last request: 4.330464 seconds.
  path: Assets/Prefabs/Player.prefab
  artifactKey: Guid(b53213871b16769438d6640172156688) Importer(815301076,1909f56bfc062723c751e8b465ee728b)
Start importing Assets/Prefabs/Player.prefab using Guid(b53213871b16769438d6640172156688) Importer(815301076,1909f56bfc062723c751e8b465ee728b)  -> (artifact id: '3c63485e8819743a517d99340ccf8cd8') in 0.038646 seconds
  Import took 0.047345 seconds .

========================================================================
Received Import Request.
  Time since last request: 0.055008 seconds.
  path: Assets/Prefabs/Player.prefab
  artifactKey: Guid(b53213871b16769438d6640172156688) Importer(815301076,1909f56bfc062723c751e8b465ee728b)
Start importing Assets/Prefabs/Player.prefab using Guid(b53213871b16769438d6640172156688) Importer(815301076,1909f56bfc062723c751e8b465ee728b)  -> (artifact id: '3c63485e8819743a517d99340ccf8cd8') in 0.023245 seconds
  Import took 0.034673 seconds .

========================================================================
Received Import Request.
  Time since last request: 3.932678 seconds.
  path: Assets/Prefabs/Player.prefab
  artifactKey: Guid(b53213871b16769438d6640172156688) Importer(815301076,1909f56bfc062723c751e8b465ee728b)
Start importing Assets/Prefabs/Player.prefab using Guid(b53213871b16769438d6640172156688) Importer(815301076,1909f56bfc062723c751e8b465ee728b)  -> (artifact id: 'caa824825188128cd3aa5e4a1d4c26e5') in 0.010140 seconds
  Import took 0.022869 seconds .

========================================================================
Received Import Request.
  Time since last request: 26.375461 seconds.
  path: Assets/Prefabs/Player.prefab
  artifactKey: Guid(b53213871b16769438d6640172156688) Importer(815301076,1909f56bfc062723c751e8b465ee728b)
Start importing Assets/Prefabs/Player.prefab using Guid(b53213871b16769438d6640172156688) Importer(815301076,1909f56bfc062723c751e8b465ee728b)  -> (artifact id: 'c2982aa32029929ebf25f0e371c813e8') in 0.052840 seconds
  Import took 0.064612 seconds .

========================================================================
Received Import Request.
  Time since last request: 0.027950 seconds.
  path: Assets/Prefabs/Player.prefab
  artifactKey: Guid(b53213871b16769438d6640172156688) Importer(815301076,1909f56bfc062723c751e8b465ee728b)
Start importing Assets/Prefabs/Player.prefab using Guid(b53213871b16769438d6640172156688) Importer(815301076,1909f56bfc062723c751e8b465ee728b)  -> (artifact id: 'c2982aa32029929ebf25f0e371c813e8') in 0.027750 seconds
  Import took 0.040449 seconds .

========================================================================
Received Prepare
Registering precompiled user dll's ...
Registered in 0.005157 seconds.
Begin MonoManager ReloadAssembly
Native extension for WindowsStandalone target not found
Refreshing native plugins compatible for Editor in 1.13 ms, found 3 plugins.
Preloading 0 native plugins for Editor in 0.00 ms.
Invoked RoslynAnalysisRunner static constructor.
RoslynAnalysisRunner will not be running.
RoslynAnalysisRunner has terminated.
Mono: successfully reloaded assembly
- Completed reload, in  1.874 seconds
Platform modules already initialized, skipping
Refreshing native plugins compatible for Editor in 0.59 ms, found 3 plugins.
Preloading 0 native plugins for Editor in 0.00 ms.
Unloading 1756 Unused Serialized files (Serialized files now loaded: 0)
System memory in use before: 138.9 MB.
System memory in use after: 139.0 MB.

Unloading 13 unused Assets to reduce memory usage. Loaded Objects now: 2420.
Total: 3.143100 ms (FindLiveObjects: 0.400200 ms CreateObjectMapping: 0.127100 ms MarkObjects: 2.580000 ms  DeleteObjects: 0.034300 ms)

========================================================================
Received Prepare
Registering precompiled user dll's ...
Registered in 0.005741 seconds.
Begin MonoManager ReloadAssembly
Native extension for WindowsStandalone target not found
Refreshing native plugins compatible for Editor in 1.56 ms, found 3 plugins.
Preloading 0 native plugins for Editor in 0.00 ms.
Invoked RoslynAnalysisRunner static constructor.
RoslynAnalysisRunner will not be running.
RoslynAnalysisRunner has terminated.
Mono: successfully reloaded assembly
- Completed reload, in  2.432 seconds
Platform modules already initialized, skipping
Refreshing native plugins compatible for Editor in 0.79 ms, found 3 plugins.
Preloading 0 native plugins for Editor in 0.00 ms.
Unloading 1756 Unused Serialized files (Serialized files now loaded: 0)
System memory in use before: 138.9 MB.
System memory in use after: 139.0 MB.

Unloading 12 unused Assets to reduce memory usage. Loaded Objects now: 2423.
Total: 3.953900 ms (FindLiveObjects: 0.322900 ms CreateObjectMapping: 0.127300 ms MarkObjects: 3.472600 ms  DeleteObjects: 0.028900 ms)

========================================================================
Received Prepare
Registering precompiled user dll's ...
Registered in 0.004770 seconds.
Begin MonoManager ReloadAssembly
Native extension for WindowsStandalone target not found
Refreshing native plugins compatible for Editor in 1.43 ms, found 3 plugins.
Preloading 0 native plugins for Editor in 0.00 ms.
Invoked RoslynAnalysisRunner static constructor.
RoslynAnalysisRunner will not be running.
RoslynAnalysisRunner has terminated.
Mono: successfully reloaded assembly
- Completed reload, in  2.161 seconds
Platform modules already initialized, skipping
Refreshing native plugins compatible for Editor in 0.82 ms, found 3 plugins.
Preloading 0 native plugins for Editor in 0.00 ms.
Unloading 1756 Unused Serialized files (Serialized files now loaded: 0)
System memory in use before: 138.9 MB.
System memory in use after: 139.0 MB.

Unloading 12 unused Assets to reduce memory usage. Loaded Objects now: 2426.
Total: 4.278000 ms (FindLiveObjects: 0.957300 ms CreateObjectMapping: 0.339900 ms MarkObjects: 2.946700 ms  DeleteObjects: 0.030900 ms)

========================================================================
Received Prepare
Registering precompiled user dll's ...
Registered in 0.006567 seconds.
Begin MonoManager ReloadAssembly
Native extension for WindowsStandalone target not found
Refreshing native plugins compatible for Editor in 1.55 ms, found 3 plugins.
Preloading 0 native plugins for Editor in 0.00 ms.
Invoked RoslynAnalysisRunner static constructor.
RoslynAnalysisRunner will not be running.
RoslynAnalysisRunner has terminated.
Mono: successfully reloaded assembly
- Completed reload, in  2.909 seconds
Platform modules already initialized, skipping
Refreshing native plugins compatible for Editor in 0.74 ms, found 3 plugins.
Preloading 0 native plugins for Editor in 0.00 ms.
Unloading 1756 Unused Serialized files (Serialized files now loaded: 0)
System memory in use before: 138.9 MB.
System memory in use after: 139.0 MB.

Unloading 12 unused Assets to reduce memory usage. Loaded Objects now: 2429.
Total: 7.860200 ms (FindLiveObjects: 0.763700 ms CreateObjectMapping: 0.228400 ms MarkObjects: 6.816600 ms  DeleteObjects: 0.048600 ms)

========================================================================
Received Prepare
Registering precompiled user dll's ...
Registered in 0.005533 seconds.
Begin MonoManager ReloadAssembly
Native extension for WindowsStandalone target not found
Refreshing native plugins compatible for Editor in 0.78 ms, found 3 plugins.
Preloading 0 native plugins for Editor in 0.00 ms.
Invoked RoslynAnalysisRunner static constructor.
RoslynAnalysisRunner will not be running.
RoslynAnalysisRunner has terminated.
Mono: successfully reloaded assembly
- Completed reload, in  2.396 seconds
Platform modules already initialized, skipping
Refreshing native plugins compatible for Editor in 1.04 ms, found 3 plugins.
Preloading 0 native plugins for Editor in 0.00 ms.
Unloading 1756 Unused Serialized files (Serialized files now loaded: 0)
System memory in use before: 138.9 MB.
System memory in use after: 139.0 MB.

Unloading 12 unused Assets to reduce memory usage. Loaded Objects now: 2432.
Total: 7.026300 ms (FindLiveObjects: 0.794000 ms CreateObjectMapping: 0.329600 ms MarkObjects: 5.846400 ms  DeleteObjects: 0.052900 ms)

========================================================================
Received Import Request.
  Time since last request: 630.509770 seconds.
  path: Assets/Prefabs/Player.prefab
  artifactKey: Guid(b53213871b16769438d6640172156688) Importer(815301076,1909f56bfc062723c751e8b465ee728b)
Start importing Assets/Prefabs/Player.prefab using Guid(b53213871b16769438d6640172156688) Importer(815301076,1909f56bfc062723c751e8b465ee728b)  -> (artifact id: '9f9a775968971aca002bc59dcb867620') in 0.231800 seconds
  Import took 0.240120 seconds .

========================================================================
Received Prepare
Registering precompiled user dll's ...
Registered in 0.007049 seconds.
Begin MonoManager ReloadAssembly
Native extension for WindowsStandalone target not found
Refreshing native plugins compatible for Editor in 0.99 ms, found 3 plugins.
Preloading 0 native plugins for Editor in 0.00 ms.
Invoked RoslynAnalysisRunner static constructor.
RoslynAnalysisRunner will not be running.
RoslynAnalysisRunner has terminated.
Mono: successfully reloaded assembly
- Completed reload, in  3.384 seconds
Platform modules already initialized, skipping
Refreshing native plugins compatible for Editor in 1.60 ms, found 3 plugins.
Preloading 0 native plugins for Editor in 0.00 ms.
Unloading 1756 Unused Serialized files (Serialized files now loaded: 0)
System memory in use before: 138.9 MB.
System memory in use after: 139.0 MB.

Unloading 13 unused Assets to reduce memory usage. Loaded Objects now: 2436.
Total: 6.122900 ms (FindLiveObjects: 0.561000 ms CreateObjectMapping: 0.211500 ms MarkObjects: 5.282300 ms  DeleteObjects: 0.064100 ms)

AssetImportWorkerClient::OnTransportError - code=2 error=End of file
